[22-May-2025 14:06:09 Europe/Berlin] PHP Warning:  Undefined variable $pdo in C:\xampp\htdocs\E-commerce Website\admin_signup_process.php on line 33
[22-May-2025 14:06:09 Europe/Berlin] PHP Fatal error:  Uncaught Error: Call to a member function prepare() on null in C:\xampp\htdocs\E-commerce Website\admin_signup_process.php:33
Stack trace:
#0 {main}
  thrown in C:\xampp\htdocs\E-commerce Website\admin_signup_process.php on line 33
[22-May-2025 14:06:11 Europe/Berlin] PHP Warning:  Undefined variable $pdo in C:\xampp\htdocs\E-commerce Website\admin_signup_process.php on line 33
[22-May-2025 14:06:11 Europe/Berlin] PHP Fatal error:  Uncaught Error: Call to a member function prepare() on null in C:\xampp\htdocs\E-commerce Website\admin_signup_process.php:33
Stack trace:
#0 {main}
  thrown in C:\xampp\htdocs\E-commerce Website\admin_signup_process.php on line 33
[22-May-2025 14:06:11 Europe/Berlin] PHP Warning:  Undefined variable $pdo in C:\xampp\htdocs\E-commerce Website\admin_signup_process.php on line 33
[22-May-2025 14:06:11 Europe/Berlin] PHP Fatal error:  Uncaught Error: Call to a member function prepare() on null in C:\xampp\htdocs\E-commerce Website\admin_signup_process.php:33
Stack trace:
#0 {main}
  thrown in C:\xampp\htdocs\E-commerce Website\admin_signup_process.php on line 33
[22-May-2025 14:06:24 Europe/Berlin] PHP Warning:  Undefined variable $pdo in C:\xampp\htdocs\E-commerce Website\admin_signup_process.php on line 33
[22-May-2025 14:06:24 Europe/Berlin] PHP Fatal error:  Uncaught Error: Call to a member function prepare() on null in C:\xampp\htdocs\E-commerce Website\admin_signup_process.php:33
Stack trace:
#0 {main}
  thrown in C:\xampp\htdocs\E-commerce Website\admin_signup_process.php on line 33
[22-May-2025 14:06:25 Europe/Berlin] PHP Warning:  Undefined variable $pdo in C:\xampp\htdocs\E-commerce Website\admin_signup_process.php on line 33
[22-May-2025 14:06:25 Europe/Berlin] PHP Fatal error:  Uncaught Error: Call to a member function prepare() on null in C:\xampp\htdocs\E-commerce Website\admin_signup_process.php:33
Stack trace:
#0 {main}
  thrown in C:\xampp\htdocs\E-commerce Website\admin_signup_process.php on line 33
[22-May-2025 14:06:25 Europe/Berlin] PHP Warning:  Undefined variable $pdo in C:\xampp\htdocs\E-commerce Website\admin_signup_process.php on line 33
[22-May-2025 14:06:25 Europe/Berlin] PHP Fatal error:  Uncaught Error: Call to a member function prepare() on null in C:\xampp\htdocs\E-commerce Website\admin_signup_process.php:33
Stack trace:
#0 {main}
  thrown in C:\xampp\htdocs\E-commerce Website\admin_signup_process.php on line 33
[22-May-2025 16:22:03 Europe/Berlin] PHP Warning:  Undefined variable $pdo in C:\xampp\htdocs\E-commerce Website\admin_signup_process.php on line 33
[22-May-2025 16:22:03 Europe/Berlin] PHP Fatal error:  Uncaught Error: Call to a member function prepare() on null in C:\xampp\htdocs\E-commerce Website\admin_signup_process.php:33
Stack trace:
#0 {main}
  thrown in C:\xampp\htdocs\E-commerce Website\admin_signup_process.php on line 33
